Jun 29, 2024 9:42:39 PM org.eclipse.lemminx.XMLLanguageServer initialize
INFO: Initializing XML Language server
LemMinX Server info:
 - Version : 0.28.0
 - Java : /usr/lib/jvm/java-22-openjdk
 - VM Version : 22
 - Git 9c3a0f1 - [maven-release-plugin] prepare release 0.28.0
Jul 03, 2024 11:34:28 AM org.eclipse.lemminx.XMLLanguageServer initialize
INFO: Initializing XML Language server
LemMinX Server info:
 - Version : 0.28.0
 - Java : /usr/lib/jvm/java-22-openjdk
 - VM Version : 22
 - Git 9c3a0f1 - [maven-release-plugin] prepare release 0.28.0
Dec 20, 2024 10:23:01 AM org.eclipse.lemminx.XMLLanguageServer initialize
INFO: Initializing XML Language server
LemMinX Server info:
 - Version : 0.28.0
 - Java : /usr/lib/jvm/java-23-openjdk
 - VM Version : 23
 - Git 9c3a0f1 - [maven-release-plugin] prepare release 0.28.0
Dec 20, 2024 10:23:49 AM org.eclipse.lsp4j.jsonrpc.RemoteEndpoint handleCancellation
WARNING: Unmatched cancel notification for request id 84
Dec 20, 2024 10:28:41 AM org.eclipse.lsp4j.jsonrpc.RemoteEndpoint handleCancellation
WARNING: Unmatched cancel notification for request id 205
Dec 20, 2024 10:32:16 AM org.eclipse.lsp4j.jsonrpc.RemoteEndpoint handleCancellation
WARNING: Unmatched cancel notification for request id 317
Dec 20, 2024 10:32:16 AM org.eclipse.lsp4j.jsonrpc.RemoteEndpoint handleCancellation
WARNING: Unmatched cancel notification for request id 319
Dec 20, 2024 10:32:16 AM org.eclipse.lsp4j.jsonrpc.RemoteEndpoint handleCancellation
WARNING: Unmatched cancel notification for request id 373
Dec 20, 2024 1:58:39 PM org.eclipse.lemminx.XMLLanguageServer initialize
INFO: Initializing XML Language server
LemMinX Server info:
 - Version : 0.29.0
 - Java : /usr/lib/jvm/java-23-openjdk
 - VM Version : 23
 - Git acacf75 - [maven-release-plugin] prepare release 0.29.0
Dec 20, 2024 2:00:18 PM org.eclipse.lsp4j.jsonrpc.RemoteEndpoint handleCancellation
WARNING: Unmatched cancel notification for request id 101
Dec 21, 2024 6:19:48 AM org.eclipse.lemminx.XMLLanguageServer initialize
INFO: Initializing XML Language server
LemMinX Server info:
 - Version : 0.29.0
 - Java : /usr/lib/jvm/java-23-openjdk
 - VM Version : 23
 - Git acacf75 - [maven-release-plugin] prepare release 0.29.0
Dec 23, 2024 8:30:35 AM org.eclipse.lemminx.XMLLanguageServer initialize
INFO: Initializing XML Language server
LemMinX Server info:
 - Version : 0.29.0
 - Java : /usr/lib/jvm/java-23-openjdk
 - VM Version : 23
 - Git acacf75 - [maven-release-plugin] prepare release 0.29.0
Dec 23, 2024 8:31:47 AM org.eclipse.lsp4j.jsonrpc.RemoteEndpoint handleCancellation
WARNING: Unmatched cancel notification for request id 118
Dec 23, 2024 8:32:37 AM org.eclipse.lsp4j.jsonrpc.RemoteEndpoint handleCancellation
WARNING: Unmatched cancel notification for request id 183
Dec 24, 2024 7:02:11 PM org.eclipse.lemminx.XMLLanguageServer initialize
INFO: Initializing XML Language server
LemMinX Server info:
 - Version : 0.29.0
 - Java : /usr/lib/jvm/java-23-openjdk
 - VM Version : 23
 - Git acacf75 - [maven-release-plugin] prepare release 0.29.0
Dec 24, 2024 7:02:27 PM org.eclipse.lsp4j.jsonrpc.RemoteEndpoint handleCancellation
WARNING: Unmatched cancel notification for request id 28
Dec 26, 2024 4:02:20 PM org.eclipse.lemminx.XMLLanguageServer initialize
INFO: Initializing XML Language server
LemMinX Server info:
 - Version : 0.29.0
 - Java : /usr/lib/jvm/java-23-openjdk
 - VM Version : 23
 - Git acacf75 - [maven-release-plugin] prepare release 0.29.0
Dec 31, 2024 1:15:30 PM org.eclipse.lemminx.XMLLanguageServer initialize
INFO: Initializing XML Language server
LemMinX Server info:
 - Version : 0.29.0
 - Java : /usr/lib/jvm/java-23-openjdk
 - VM Version : 23
 - Git acacf75 - [maven-release-plugin] prepare release 0.29.0
Dec 31, 2024 1:47:24 PM org.eclipse.lemminx.XMLLanguageServer initialize
INFO: Initializing XML Language server
LemMinX Server info:
 - Version : 0.29.0
 - Java : /usr/lib/jvm/java-23-openjdk
 - VM Version : 23
 - Git acacf75 - [maven-release-plugin] prepare release 0.29.0
Dec 31, 2024 1:47:42 PM org.eclipse.lemminx.XMLLanguageServer initialize
INFO: Initializing XML Language server
LemMinX Server info:
 - Version : 0.29.0
 - Java : /usr/lib/jvm/java-23-openjdk
 - VM Version : 23
 - Git acacf75 - [maven-release-plugin] prepare release 0.29.0
Dec 31, 2024 1:53:25 PM org.eclipse.lemminx.XMLLanguageServer initialize
INFO: Initializing XML Language server
LemMinX Server info:
 - Version : 0.29.0
 - Java : /usr/lib/jvm/java-23-openjdk
 - VM Version : 23
 - Git acacf75 - [maven-release-plugin] prepare release 0.29.0
Jan 02, 2025 9:34:40 AM org.eclipse.lemminx.XMLLanguageServer initialize
INFO: Initializing XML Language server
LemMinX Server info:
 - Version : 0.29.0
 - Java : /usr/lib/jvm/java-23-openjdk
 - VM Version : 23
 - Git acacf75 - [maven-release-plugin] prepare release 0.29.0
Jan 02, 2025 9:39:54 AM org.eclipse.lemminx.XMLLanguageServer initialize
INFO: Initializing XML Language server
LemMinX Server info:
 - Version : 0.29.0
 - Java : /usr/lib/jvm/java-23-openjdk
 - VM Version : 23
 - Git acacf75 - [maven-release-plugin] prepare release 0.29.0
Jan 02, 2025 6:29:30 PM org.eclipse.lemminx.XMLLanguageServer initialize
INFO: Initializing XML Language server
LemMinX Server info:
 - Version : 0.29.0
 - Java : /usr/lib/jvm/java-23-openjdk
 - VM Version : 23
 - Git acacf75 - [maven-release-plugin] prepare release 0.29.0
Jan 02, 2025 6:59:49 PM org.eclipse.lemminx.XMLLanguageServer initialize
INFO: Initializing XML Language server
LemMinX Server info:
 - Version : 0.29.0
 - Java : /usr/lib/jvm/java-23-openjdk
 - VM Version : 23
 - Git acacf75 - [maven-release-plugin] prepare release 0.29.0
Jan 04, 2025 11:28:38 AM org.eclipse.lemminx.XMLLanguageServer initialize
INFO: Initializing XML Language server
LemMinX Server info:
 - Version : 0.29.0
 - Java : /usr/lib/jvm/java-23-openjdk
 - VM Version : 23
 - Git acacf75 - [maven-release-plugin] prepare release 0.29.0
Jan 04, 2025 11:29:01 AM org.eclipse.lsp4j.jsonrpc.RemoteEndpoint handleCancellation
WARNING: Unmatched cancel notification for request id 39
Jan 04, 2025 11:33:44 AM org.eclipse.lemminx.XMLLanguageServer initialize
INFO: Initializing XML Language server
LemMinX Server info:
 - Version : 0.29.0
 - Java : /usr/lib/jvm/java-23-openjdk
 - VM Version : 23
 - Git acacf75 - [maven-release-plugin] prepare release 0.29.0
Jan 04, 2025 3:00:06 PM org.eclipse.lemminx.XMLLanguageServer initialize
INFO: Initializing XML Language server
LemMinX Server info:
 - Version : 0.29.0
 - Java : /usr/lib/jvm/java-23-openjdk
 - VM Version : 23
 - Git acacf75 - [maven-release-plugin] prepare release 0.29.0
Jan 05, 2025 5:18:28 AM org.eclipse.lemminx.XMLLanguageServer initialize
INFO: Initializing XML Language server
LemMinX Server info:
 - Version : 0.29.0
 - Java : /usr/lib/jvm/java-23-openjdk
 - VM Version : 23
 - Git acacf75 - [maven-release-plugin] prepare release 0.29.0
Jan 06, 2025 4:54:56 PM org.eclipse.lemminx.XMLLanguageServer initialize
INFO: Initializing XML Language server
LemMinX Server info:
 - Version : 0.29.0
 - Java : /usr/lib/jvm/java-23-openjdk
 - VM Version : 23
 - Git acacf75 - [maven-release-plugin] prepare release 0.29.0
Jan 06, 2025 4:56:03 PM org.eclipse.lsp4j.jsonrpc.RemoteEndpoint handleCancellation
WARNING: Unmatched cancel notification for request id 52
Jan 21, 2025 9:14:03 AM org.eclipse.lemminx.XMLLanguageServer initialize
INFO: Initializing XML Language server
LemMinX Server info:
 - Version : 0.29.0
 - Java : /usr/lib/jvm/java-23-openjdk
 - VM Version : 23.0.1
 - Git acacf75 - [maven-release-plugin] prepare release 0.29.0
Jan 21, 2025 9:14:06 AM org.eclipse.lsp4j.jsonrpc.RemoteEndpoint handleCancellation
WARNING: Unmatched cancel notification for request id 19
Jan 21, 2025 9:15:01 AM org.eclipse.lsp4j.jsonrpc.RemoteEndpoint handleCancellation
WARNING: Unmatched cancel notification for request id 21
Jan 21, 2025 9:15:28 AM org.eclipse.lemminx.XMLLanguageServer initialize
INFO: Initializing XML Language server
LemMinX Server info:
 - Version : 0.29.0
 - Java : /usr/lib/jvm/java-23-openjdk
 - VM Version : 23.0.1
 - Git acacf75 - [maven-release-plugin] prepare release 0.29.0
Jan 21, 2025 9:39:46 AM org.eclipse.lemminx.XMLLanguageServer initialize
INFO: Initializing XML Language server
LemMinX Server info:
 - Version : 0.29.0
 - Java : /usr/lib/jvm/java-23-openjdk
 - VM Version : 23.0.1
 - Git acacf75 - [maven-release-plugin] prepare release 0.29.0
Jan 21, 2025 10:02:48 AM org.eclipse.lemminx.XMLLanguageServer initialize
INFO: Initializing XML Language server
LemMinX Server info:
 - Version : 0.29.0
 - Java : /usr/lib/jvm/java-23-openjdk
 - VM Version : 23.0.1
 - Git acacf75 - [maven-release-plugin] prepare release 0.29.0
Jan 21, 2025 10:03:51 AM org.eclipse.lemminx.XMLLanguageServer initialize
INFO: Initializing XML Language server
LemMinX Server info:
 - Version : 0.29.0
 - Java : /usr/lib/jvm/java-23-openjdk
 - VM Version : 23.0.1
 - Git acacf75 - [maven-release-plugin] prepare release 0.29.0
Jan 21, 2025 10:05:54 AM org.eclipse.lsp4j.jsonrpc.RemoteEndpoint handleCancellation
WARNING: Unmatched cancel notification for request id 101
Jan 21, 2025 10:08:31 AM org.eclipse.lemminx.XMLLanguageServer initialize
INFO: Initializing XML Language server
LemMinX Server info:
 - Version : 0.29.0
 - Java : /usr/lib/jvm/java-23-openjdk
 - VM Version : 23.0.1
 - Git acacf75 - [maven-release-plugin] prepare release 0.29.0
Jan 21, 2025 10:19:41 AM org.eclipse.lemminx.XMLLanguageServer initialize
INFO: Initializing XML Language server
LemMinX Server info:
 - Version : 0.29.0
 - Java : /usr/lib/jvm/java-23-openjdk
 - VM Version : 23.0.1
 - Git acacf75 - [maven-release-plugin] prepare release 0.29.0
Jan 22, 2025 4:18:33 PM org.eclipse.lemminx.XMLLanguageServer initialize
INFO: Initializing XML Language server
LemMinX Server info:
 - Version : 0.29.0
 - Java : /usr/lib/jvm/java-23-openjdk
 - VM Version : 23.0.1
 - Git acacf75 - [maven-release-plugin] prepare release 0.29.0
Jan 22, 2025 4:18:41 PM org.eclipse.lsp4j.jsonrpc.RemoteEndpoint handleCancellation
WARNING: Unmatched cancel notification for request id 14
Oct 01, 2025 9:55:47 AM org.eclipse.lemminx.XMLLanguageServer initialize
INFO: Initializing XML Language server
LemMinX Server info:
 - Version : 0.31.0
 - Java : /usr/lib/jvm/java-25-openjdk
 - VM Version : 25.0.1
 - Git de7f529 - [maven-release-plugin] prepare release 0.31.0
Oct 01, 2025 9:55:48 AM org.eclipse.lsp4j.jsonrpc.RemoteEndpoint handleCancellation
WARNING: Unmatched cancel notification for request id 5
Oct 01, 2025 9:57:56 AM org.eclipse.lemminx.XMLLanguageServer initialize
INFO: Initializing XML Language server
LemMinX Server info:
 - Version : 0.31.0
 - Java : /usr/lib/jvm/java-25-openjdk
 - VM Version : 25.0.1
 - Git de7f529 - [maven-release-plugin] prepare release 0.31.0
Oct 01, 2025 9:57:57 AM org.eclipse.lsp4j.jsonrpc.RemoteEndpoint handleCancellation
WARNING: Unmatched cancel notification for request id 2
Oct 01, 2025 9:57:58 AM org.eclipse.lsp4j.jsonrpc.RemoteEndpoint handleCancellation
WARNING: Unmatched cancel notification for request id 11
Oct 01, 2025 9:57:58 AM org.eclipse.lsp4j.jsonrpc.RemoteEndpoint handleCancellation
WARNING: Unmatched cancel notification for request id 10
Oct 01, 2025 9:57:58 AM org.eclipse.lsp4j.jsonrpc.RemoteEndpoint handleCancellation
WARNING: Unmatched cancel notification for request id 12
Oct 23, 2025 8:09:29 AM org.eclipse.lemminx.XMLLanguageServer initialize
INFO: Initializing XML Language server
LemMinX Server info:
 - Version : 0.31.0
 - Java : /usr/lib/jvm/java-25-openjdk
 - VM Version : 25.0.1
 - Git de7f529 - [maven-release-plugin] prepare release 0.31.0
Oct 23, 2025 8:09:31 AM org.eclipse.lsp4j.jsonrpc.RemoteEndpoint handleCancellation
WARNING: Unmatched cancel notification for request id 9
Oct 23, 2025 8:09:31 AM org.eclipse.lsp4j.jsonrpc.RemoteEndpoint handleCancellation
WARNING: Unmatched cancel notification for request id 8
Oct 23, 2025 8:09:31 AM org.eclipse.lsp4j.jsonrpc.RemoteEndpoint handleCancellation
WARNING: Unmatched cancel notification for request id 10
Nov 25, 2025 9:46:23 AM org.eclipse.lemminx.XMLLanguageServer initialize
INFO: Initializing XML Language server
LemMinX Server info:
 - Version : 0.31.0
 - Java : /usr/lib/jvm/java-25-openjdk
 - VM Version : 25.0.1
 - Git de7f529 - [maven-release-plugin] prepare release 0.31.0
Nov 25, 2025 9:47:03 AM org.eclipse.lemminx.commons.ParentProcessWatcher run
WARNING: Parent process stopped running, forcing server exit
Dec 01, 2025 8:34:36 AM org.eclipse.lemminx.XMLLanguageServer initialize
INFO: Initializing XML Language server
LemMinX Server info:
 - Version : 0.31.0
 - Java : /usr/lib/jvm/java-25-openjdk
 - VM Version : 25.0.1
 - Git de7f529 - [maven-release-plugin] prepare release 0.31.0
Dec 01, 2025 8:34:37 AM org.eclipse.lsp4j.jsonrpc.RemoteEndpoint handleCancellation
WARNING: Unmatched cancel notification for request id 4
Dec 01, 2025 8:34:37 AM org.eclipse.lsp4j.jsonrpc.RemoteEndpoint handleCancellation
WARNING: Unmatched cancel notification for request id 2
Dec 01, 2025 8:34:38 AM org.eclipse.lsp4j.jsonrpc.RemoteEndpoint handleCancellation
WARNING: Unmatched cancel notification for request id 12
Dec 01, 2025 8:34:38 AM org.eclipse.lsp4j.jsonrpc.RemoteEndpoint handleCancellation
WARNING: Unmatched cancel notification for request id 11
Dec 01, 2025 8:34:38 AM org.eclipse.lsp4j.jsonrpc.RemoteEndpoint handleCancellation
WARNING: Unmatched cancel notification for request id 13
