Jan 22, 2025 6:04:05 PM org.eclipse.lemminx.XMLLanguageServer initialize
INFO: Initializing XML Language server
LemMinX Server info:
 - Version : 0.29.0
 - Java : /usr/lib/jvm/java-23-openjdk
 - VM Version : 23.0.1
 - Git acacf75 - [maven-release-plugin] prepare release 0.29.0
Jan 24, 2025 9:02:26 AM org.eclipse.lemminx.XMLLanguageServer initialize
INFO: Initializing XML Language server
LemMinX Server info:
 - Version : 0.29.0
 - Java : /usr/lib/jvm/java-23-openjdk
 - VM Version : 23.0.1
 - Git acacf75 - [maven-release-plugin] prepare release 0.29.0
Jan 24, 2025 9:02:26 AM org.eclipse.lsp4j.jsonrpc.RemoteEndpoint handleCancellation
WARNING: Unmatched cancel notification for request id 4
Feb 12, 2025 10:03:14 AM org.eclipse.lemminx.XMLLanguageServer initialize
INFO: Initializing XML Language server
LemMinX Server info:
 - Version : 0.29.0
 - Java : /usr/lib/jvm/java-23-openjdk
 - VM Version : 23.0.1
 - Git acacf75 - [maven-release-plugin] prepare release 0.29.0
Feb 12, 2025 10:03:15 AM org.eclipse.lsp4j.jsonrpc.RemoteEndpoint handleCancellation
WARNING: Unmatched cancel notification for request id 2
