Oct 19, 2023 10:02:51 PM org.eclipse.lemminx.XMLLanguageServer initialize
INFO: Initializing XML Language server
LemMinX Server info:
 - Version : 0.26.1
 - Java : /usr/lib/jvm/java-21-openjdk
 - VM Version : 21
 - Git 8379294 - [maven-release-plugin] prepare release 0.26.1
Oct 20, 2023 6:02:54 AM org.eclipse.lemminx.XMLLanguageServer initialize
INFO: Initializing XML Language server
LemMinX Server info:
 - Version : 0.26.1
 - Java : /usr/lib/jvm/java-21-openjdk
 - VM Version : 21
 - Git 8379294 - [maven-release-plugin] prepare release 0.26.1
Oct 20, 2023 10:31:19 AM org.eclipse.lemminx.XMLLanguageServer initialize
INFO: Initializing XML Language server
LemMinX Server info:
 - Version : 0.26.1
 - Java : /usr/lib/jvm/java-21-openjdk
 - VM Version : 21
 - Git 8379294 - [maven-release-plugin] prepare release 0.26.1
Oct 20, 2023 11:29:53 AM org.eclipse.lemminx.XMLLanguageServer initialize
INFO: Initializing XML Language server
LemMinX Server info:
 - Version : 0.26.1
 - Java : /usr/lib/jvm/java-21-openjdk
 - VM Version : 21
 - Git 8379294 - [maven-release-plugin] prepare release 0.26.1
Oct 20, 2023 11:29:53 AM org.eclipse.lsp4j.jsonrpc.RemoteEndpoint handleCancellation
WARNING: Unmatched cancel notification for request id 3
Oct 20, 2023 11:29:53 AM org.eclipse.lsp4j.jsonrpc.RemoteEndpoint handleCancellation
WARNING: Unmatched cancel notification for request id 4
Oct 21, 2023 5:10:14 AM org.eclipse.lemminx.XMLLanguageServer initialize
INFO: Initializing XML Language server
LemMinX Server info:
 - Version : 0.26.1
 - Java : /usr/lib/jvm/java-21-openjdk
 - VM Version : 21
 - Git 8379294 - [maven-release-plugin] prepare release 0.26.1
Oct 24, 2023 9:32:15 AM org.eclipse.lemminx.XMLLanguageServer initialize
INFO: Initializing XML Language server
LemMinX Server info:
 - Version : 0.26.1
 - Java : /usr/lib/jvm/java-21-openjdk
 - VM Version : 21
 - Git 8379294 - [maven-release-plugin] prepare release 0.26.1
Oct 24, 2023 9:32:15 AM org.eclipse.lsp4j.jsonrpc.RemoteEndpoint handleCancellation
WARNING: Unmatched cancel notification for request id 3
Oct 24, 2023 9:32:15 AM org.eclipse.lsp4j.jsonrpc.RemoteEndpoint handleCancellation
WARNING: Unmatched cancel notification for request id 4
Oct 27, 2023 10:06:45 AM org.eclipse.lemminx.XMLLanguageServer initialize
INFO: Initializing XML Language server
LemMinX Server info:
 - Version : 0.26.1
 - Java : /usr/lib/jvm/java-21-openjdk
 - VM Version : 21
 - Git 8379294 - [maven-release-plugin] prepare release 0.26.1
Oct 27, 2023 10:06:53 AM org.eclipse.lsp4j.jsonrpc.RemoteEndpoint handleCancellation
WARNING: Unmatched cancel notification for request id 18
Oct 27, 2023 1:27:57 PM org.eclipse.lemminx.XMLLanguageServer initialize
INFO: Initializing XML Language server
LemMinX Server info:
 - Version : 0.26.1
 - Java : /usr/lib/jvm/java-21-openjdk
 - VM Version : 21
 - Git 8379294 - [maven-release-plugin] prepare release 0.26.1
Nov 01, 2023 7:46:19 AM org.eclipse.lemminx.XMLLanguageServer initialize
INFO: Initializing XML Language server
LemMinX Server info:
 - Version : 0.26.1
 - Java : /usr/lib/jvm/java-21-openjdk
 - VM Version : 21
 - Git 8379294 - [maven-release-plugin] prepare release 0.26.1
Nov 01, 2023 7:46:32 AM org.eclipse.lemminx.uriresolver.CacheResourcesManager lambda$downloadResource$0
INFO: Downloading http://www.w3.org/2001/xml.xsd to /home/vugia/.lemminx/cache/http/www.w3.org/2001/xml.xsd...
Nov 01, 2023 7:46:33 AM org.eclipse.lemminx.uriresolver.CacheResourcesManager lambda$downloadResource$0
INFO: Downloaded http://www.w3.org/2001/xml.xsd to /home/vugia/.lemminx/cache/http/www.w3.org/2001/xml.xsd in 446ms
Nov 06, 2023 2:26:29 PM org.eclipse.lemminx.XMLLanguageServer initialize
INFO: Initializing XML Language server
LemMinX Server info:
 - Version : 0.26.1
 - Java : /usr/lib/jvm/java-21-openjdk
 - VM Version : 21
 - Git 8379294 - [maven-release-plugin] prepare release 0.26.1
Nov 06, 2023 2:48:38 PM org.eclipse.lsp4j.jsonrpc.RemoteEndpoint handleCancellation
WARNING: Unmatched cancel notification for request id 1440
Nov 28, 2023 8:36:24 AM org.eclipse.lemminx.XMLLanguageServer initialize
INFO: Initializing XML Language server
LemMinX Server info:
 - Version : 0.26.1
 - Java : /usr/lib/jvm/java-21-openjdk
 - VM Version : 21
 - Git 8379294 - [maven-release-plugin] prepare release 0.26.1
